<?xml version="1.0" encoding="UTF-8"?>
<!-- Generated by org.testng.reporters.JUnitXMLReporter -->
<testsuite ignored="3" hostname="YULIA" failures="0" tests="13" name="All tests" time="105.219" errors="0" timestamp="21 Dec 2021 01:58:56 GMT">
  <testcase classname="testCases.LoginPageTest" name="retryTest" time="0.007">
    <skipped/>
  </testcase> <!-- retryTest -->
  <testcase classname="testCases.LoginPageTest" name="retryTest" time="0.001">
    <skipped/>
  </testcase> <!-- retryTest -->
  <testcase classname="testCases.LoginPageTest2" name="loginToApp3" time="15.624"/>
  <testcase classname="testCases.LoginPageTest3" name="loginToApp5" time="19.754"/>
  <testcase classname="testCases.LoginPageTest" name="retryTest" time="0.001">
    <skipped/>
  </testcase> <!-- retryTest -->
  <testcase classname="testCases.LoginPageTest" name="retryTest" time="0.001"/>
  <testcase classname="testCases.LoginPageTest2" name="wrongLoginToApp3" time="13.77"/>
  <testcase classname="testCases.LoginPageTest3" name="loginToApp6" time="11.288"/>
  <testcase classname="testCases.LoginPageTest" name="loginToApp" time="17.521"/>
  <testcase classname="testCases.LoginPageTest2" name="loginToApp4" time="12.715"/>
  <testcase classname="testCases.LoginPageTest3" name="wrongLoginToApp6" time="12.336"/>
  <testcase classname="testCases.LoginPageTest" name="wrongLoginToApp" time="5.145"/>
  <testcase classname="testCases.LoginPageTest" name="wrongLoginToApp2" time="6.154"/>
  <testcase classname="testCases.LoginPageTest3" name="wrongLoginToApp5" time="0.0">
    <ignored/>
  </testcase> <!-- wrongLoginToApp5 -->
  <testcase classname="testCases.LoginPageTest" name="loginToApp2" time="0.0">
    <ignored/>
  </testcase> <!-- loginToApp2 -->
  <testcase classname="testCases.LoginPageTest2" name="wrongLoginToApp4" time="0.0">
    <ignored/>
  </testcase> <!-- wrongLoginToApp4 -->
</testsuite> <!-- All tests -->
